test
formatted arguments
--------------------- 2023-01-15T19:35:24.820884600Z ---------------------
Tweet emitted correclty: A game with Pixel art graphics style where you are a King/Queen. For Web
-----------------------------------------------------------
--------------------- 2023-01-15T19:35:30.816576800Z ---------------------
Tweet emitted correclty: A game with a Hack-N-Slash mechanic where you are Useless. The key element of the game is a Sword
-----------------------------------------------------------
--------------------- 2023-01-15T19:35:36.817592400Z ---------------------
Tweet emitted correclty: A game whose goal is to transport resources from one place to another, with a mix of Chemistry and Negotiating mechanics where you are a Zombie. For PC. The key element of the game is the Human Body
-----------------------------------------------------------
--------------------- 2023-01-15T19:35:42.813929Z ---------------------
Tweet emitted correclty: A game whose goal is to destroy everything, taking place in an Inverse World, with Pixel art graphics style where you are a Virus. For Web. The key element of the game is Fire

Challenge: Finish in 24h
-----------------------------------------------------------
--------------------- 2023-01-15T19:35:48.813099500Z ---------------------
Tweet emitted correclty: A RPG game taking place in a Post apocalyptic world where you are a Goblin whose objective is Not to die. For Web
-----------------------------------------------------------
--------------------- 2023-01-15T19:35:54.807409600Z ---------------------
Tweet emitted correclty: A Retro game in 2.5D, taking place in a Very very far village, with a Rogue-like mechanic where you are a Snowman whose objective is Not to die
-----------------------------------------------------------
--------------------- 2023-01-15T19:36:00.813586300Z ---------------------
Tweet emitted correclty: A game whose goal is to destroy everything, in 2D, with a Mountains theme, where you are a Samurai

Challenge: Finish in 36h
-----------------------------------------------------------
--------------------- 2023-01-15T19:36:06.819275800Z ---------------------
Tweet emitted correclty: A game whose goal is to destroy everything, in 2D, with a Fantasy theme, taking place in a Very very far village, with a Strict Rules mechanic where you are a Geometric Shape
-----------------------------------------------------------
